{
  "RSpec": {
    "coverage": {
      "/home/carlos/G28/Ruby_on_rails/dieciocho/app/controllers/todos_controller.rb": {
        "lines": [
          1,
          1,
          1,
          null,
          1,
          1,
          null,
          null,
          1,
          1,
          1,
          null,
          null,
          1,
          0,
          0,
          0,
          0,
          null,
          null,
          1,
          null,
          1,
          2,
          2,
          null,
          null
        ]
      },
      "/home/carlos/G28/Ruby_on_rails/dieciocho/app/controllers/application_controller.rb": {
        "lines": [
          1,
          null
        ]
      },
      "/home/carlos/G28/Ruby_on_rails/dieciocho/spec/models/task_spec.rb": {
        "lines": [
          1,
          null,
          1,
          null,
          1,
          1,
          1,
          1,
          null,
          null,
          1,
          1,
          1,
          1,
          null,
          null,
          1,
          1,
          1,
          1,
          null,
          null,
          1,
          1,
          1,
          1,
          1,
          1,
          null,
          null,
          1,
          1,
          1,
          1,
          1,
          null,
          null
        ]
      },
      "/home/carlos/G28/Ruby_on_rails/dieciocho/app/models/task.rb": {
        "lines": [
          1,
          1,
          1,
          null,
          1,
          1,
          null
        ]
      },
      "/home/carlos/G28/Ruby_on_rails/dieciocho/app/models/todo.rb": {
        "lines": [
          1,
          1,
          1,
          null
        ]
      }
    },
    "timestamp": 1581709916
  }
}
